<?xml version="1.0" encoding="UTF-8"?>
<!-- Generated by org.testng.reporters.JUnitReportReporter -->
<testsuite skipped="0" hostname="LAPTOP-ULDPTUOA" name="com.qa.PostAPI.PostAPI" tests="1" failures="0" timestamp="2020-07-15T19:41:53 IST" time="3.167" errors="0">
  <testcase name="postcallresponsebodyvalidation" time="3.167" classname="com.qa.PostAPI.PostAPI"/>
  <system-out/>
</testsuite> <!-- com.qa.PostAPI.PostAPI -->
