<?xml version="1.0" encoding="UTF-8"?>
<!-- Generated by org.testng.reporters.JUnitReportReporter -->
<testsuite skipped="0" hostname="LAPTOP-ULDPTUOA" name="com.qa.authentication.autonitcationAPI" tests="4" failures="0" timestamp="2020-07-27T20:02:44 IST" time="8.559" errors="0">
  <testcase name="Oauth2authenticationdirect" time="2.148" classname="com.qa.authentication.autonitcationAPI"/>
  <system-out/>
  <testcase name="Oauth2authentication" time="0.932" classname="com.qa.authentication.autonitcationAPI"/>
  <system-out/>
  <testcase name="Oathparameter" time="3.200" classname="com.qa.authentication.autonitcationAPI"/>
  <system-out/>
  <testcase name="basicauthonitcation" time="2.279" classname="com.qa.authentication.autonitcationAPI"/>
  <system-out/>
</testsuite> <!-- com.qa.authentication.autonitcationAPI -->
