<?xml version="1.0" encoding="UTF-8"?>
<!-- Generated by org.testng.reporters.JUnitReportReporter -->
<testsuite skipped="0" hostname="LAPTOP-ULDPTUOA" name="com.qa.NonBDDApproach.APIgetcall" tests="4" failures="0" timestamp="2020-08-14T14:31:44 IST" time="6.860" errors="0">
  <testcase name="GetAPICall" time="3.174" classname="com.qa.NonBDDApproach.APIgetcall"/>
  <system-out/>
  <testcase name="GetAPICallquery" time="1.530" classname="com.qa.NonBDDApproach.APIgetcall"/>
  <system-out/>
  <testcase name="Hashmaptest" time="1.144" classname="com.qa.NonBDDApproach.APIgetcall"/>
  <system-out/>
  <testcase name="GetAPICallqueryother" time="1.012" classname="com.qa.NonBDDApproach.APIgetcall"/>
  <system-out/>
</testsuite> <!-- com.qa.NonBDDApproach.APIgetcall -->
