<?xml version="1.0" encoding="UTF-8"?>
<!-- Generated by org.testng.reporters.JUnitReportReporter -->
<testsuite skipped="0" hostname="LAPTOP-ULDPTUOA" name="com.qa.pojo.deleteAPIcall" tests="1" failures="0" timestamp="2020-07-18T16:31:11 IST" time="7.650" errors="0">
  <testcase name="deleteAPIcalltest" time="7.650" classname="com.qa.pojo.deleteAPIcall"/>
  <system-out/>
</testsuite> <!-- com.qa.pojo.deleteAPIcall -->
