<?xml version="1.0" encoding="UTF-8"?>
<!-- Generated by org.testng.reporters.JUnitReportReporter -->
<testsuite skipped="0" hostname="LAPTOP-ULDPTUOA" name="com.qa.xmlParser.xmlparsinggetcallAPI" tests="1" failures="0" timestamp="2020-07-21T00:21:30 IST" time="3.464" errors="0">
  <testcase name="WithxmlparsingGETCall" time="3.464" classname="com.qa.xmlParser.xmlparsinggetcallAPI"/>
  <system-out/>
</testsuite> <!-- com.qa.xmlParser.xmlparsinggetcallAPI -->
