<?xml version="1.0" encoding="UTF-8"?>
<!-- Generated by org.testng.reporters.JUnitReportReporter -->
<testsuite skipped="0" hostname="LAPTOP-ULDPTUOA" name="com.qa.pojo.pojoputAPIcall" tests="1" failures="0" timestamp="2020-07-17T21:10:18 IST" time="4.045" errors="0">
  <testcase name="postcalltest" time="4.045" classname="com.qa.pojo.pojoputAPIcall"/>
  <system-out/>
</testsuite> <!-- com.qa.pojo.pojoputAPIcall -->
